# JRE version: OpenJDK Runtime Environment Temurin-11.0.17+8 (11.0.17+8) (build 11.0.17+8)
# Java VM: OpenJDK 64-Bit Server VM Temurin-11.0.17+8 (11.0.17+8, mixed mode, tiered, compressed oops, g1 gc, windows-amd64)
Heap:
 garbage-first heap   total 262144K, used 91075K [0x00000000e0000000, 0x0000000100000000)
  region size 1024K, 71 young (72704K), 10 survivors (10240K)
 Metaspace       used 47470K, capacity 48606K, committed 48848K, reserved 296960K
  class space    used 5994K, capacity 6412K, committed 6528K, reserved 253952K
GC Heap History (16 events):
Event: 2.404 GC heap before
{Heap before GC invocations=0 (full 0):
 garbage-first heap   total 262144K, used 16384K [0x00000000e0000000, 0x0000000100000000)
  region size 1024K, 14 young (14336K), 0 survivors (0K)
 Metaspace       used 6789K, capacity 6993K, committed 7168K, reserved 262144K
  class space    used 573K, capacity 650K, committed 768K, reserved 253952K
}
Event: 2.662 GC heap after
{Heap after GC invocations=1 (full 0):
 garbage-first heap   total 262144K, used 3849K [0x00000000e0000000, 0x0000000100000000)
  region size 1024K, 2 young (2048K), 2 survivors (2048K)
 Metaspace       used 6789K, capacity 6993K, committed 7168K, reserved 262144K
  class space    used 573K, capacity 650K, committed 768K, reserved 253952K
}
Event: 3.840 GC heap before
{Heap before GC invocations=1 (full 0):
 garbage-first heap   total 262144K, used 17161K [0x00000000e0000000, 0x0000000100000000)
  region size 1024K, 13 young (13312K), 2 survivors (2048K)
 Metaspace       used 10195K, capacity 10456K, committed 10624K, reserved 264192K
  class space    used 1034K, capacity 1105K, committed 1152K, reserved 253952K
}
Event: 3.845 GC heap after
{Heap after GC invocations=2 (full 0):
 garbage-first heap   total 262144K, used 9308K [0x00000000e0000000, 0x0000000100000000)
  region size 1024K, 2 young (2048K), 2 survivors (2048K)
 Metaspace       used 10195K, capacity 10456K, committed 10624K, reserved 264192K
  class space    used 1034K, capacity 1105K, committed 1152K, reserved 253952K
}
Event: 5.279 GC heap before
{Heap before GC invocations=2 (full 0):
 garbage-first heap   total 262144K, used 36956K [0x00000000e0000000, 0x0000000100000000)
  region size 1024K, 29 young (29696K), 2 survivors (2048K)
 Metaspace       used 11263K, capacity 11509K, committed 11776K, reserved 266240K
  class space    used 1146K, capacity 1243K, committed 1280K, reserved 253952K
}
Event: 5.287 GC heap after
{Heap after GC invocations=3 (full 0):
 garbage-first heap   total 262144K, used 12059K [0x00000000e0000000, 0x0000000100000000)
  region size 1024K, 4 young (4096K), 4 survivors (4096K)
 Metaspace       used 11263K, capacity 11509K, committed 11776K, reserved 266240K
  class space    used 1146K, capacity 1243K, committed 1280K, reserved 253952K
}
Event: 8.905 GC heap before
{Heap before GC invocations=3 (full 0):
 garbage-first heap   total 262144K, used 53019K [0x00000000e0000000, 0x0000000100000000)
  region size 1024K, 43 young (44032K), 4 survivors (4096K)
 Metaspace       used 17738K, capacity 18134K, committed 18432K, reserved 270336K
  class space    used 2054K, capacity 2178K, committed 2304K, reserved 253952K
}
Event: 8.916 GC heap after
{Heap after GC invocations=4 (full 0):
 garbage-first heap   total 262144K, used 16832K [0x00000000e0000000, 0x0000000100000000)
  region size 1024K, 6 young (6144K), 6 survivors (6144K)
 Metaspace       used 17738K, capacity 18134K, committed 18432K, reserved 270336K
  class space    used 2054K, capacity 2178K, committed 2304K, reserved 253952K
}
Event: 9.725 GC heap before
{Heap before GC invocations=4 (full 0):
 garbage-first heap   total 262144K, used 40384K [0x00000000e0000000, 0x0000000100000000)
  region size 1024K, 31 young (31744K), 6 survivors (6144K)
 Metaspace       used 20733K, capacity 21141K, committed 21296K, reserved 274432K
  class space    used 2489K, capacity 2623K, committed 2688K, reserved 253952K
}
Event: 9.742 GC heap after
{Heap after GC invocations=5 (full 0):
 garbage-first heap   total 262144K, used 17499K [0x00000000e0000000, 0x0000000100000000)
  region size 1024K, 1 young (1024K), 1 survivors (1024K)
 Metaspace       used 20733K, capacity 21141K, committed 21296K, reserved 274432K
  class space    used 2489K, capacity 2623K, committed 2688K, reserved 253952K
}
Event: 12.021 GC heap before
{Heap before GC invocations=6 (full 0):
 garbage-first heap   total 262144K, used 71771K [0x00000000e0000000, 0x0000000100000000)
  region size 1024K, 54 young (55296K), 1 survivors (1024K)
 Metaspace       used 26278K, capacity 26952K, committed 27184K, reserved 278528K
  class space    used 3400K, capacity 3653K, committed 3712K, reserved 253952K
}
Event: 12.030 GC heap after
{Heap after GC invocations=7 (full 0):
 garbage-first heap   total 262144K, used 19570K [0x00000000e0000000, 0x0000000100000000)
  region size 1024K, 3 young (3072K), 3 survivors (3072K)
 Metaspace       used 26278K, capacity 26952K, committed 27184K, reserved 278528K
  class space    used 3400K, capacity 3653K, committed 3712K, reserved 253952K
}
Event: 16.776 GC heap before
{Heap before GC invocations=7 (full 0):
 garbage-first heap   total 262144K, used 88178K [0x00000000e0000000, 0x0000000100000000)
  region size 1024K, 72 young (73728K), 3 survivors (3072K)
 Metaspace       used 35068K, capacity 35817K, committed 35920K, reserved 286720K
  class space    used 4546K, capacity 4864K, committed 4864K, reserved 253952K
}
Event: 16.836 GC heap after
{Heap after GC invocations=8 (full 0):
 garbage-first heap   total 262144K, used 22513K [0x00000000e0000000, 0x0000000100000000)
  region size 1024K, 6 young (6144K), 6 survivors (6144K)
 Metaspace       used 35068K, capacity 35817K, committed 35920K, reserved 286720K
  class space    used 4546K, capacity 4864K, committed 4864K, reserved 253952K
}
Event: 29.481 GC heap before
{Heap before GC invocations=9 (full 0):
 garbage-first heap   total 262144K, used 110577K [0x00000000e0000000, 0x0000000100000000)
  region size 1024K, 92 young (94208K), 6 survivors (6144K)
 Metaspace       used 40111K, capacity 41089K, committed 41424K, reserved 290816K
  class space    used 5259K, capacity 5643K, committed 5760K, reserved 253952K
}
Event: 29.556 GC heap after
{Heap after GC invocations=10 (full 0):
 garbage-first heap   total 262144K, used 26563K [0x00000000e0000000, 0x0000000100000000)
  region size 1024K, 10 young (10240K), 10 survivors (10240K)
 Metaspace       used 40111K, capacity 41089K, committed 41424K, reserved 290816K
  class space    used 5259K, capacity 5643K, committed 5760K, reserved 253952K
}

