# JRE version: OpenJDK Runtime Environment Temurin-11.0.17+8 (11.0.17+8) (build 11.0.17+8)
# Java VM: OpenJDK 64-Bit Server VM Temurin-11.0.17+8 (11.0.17+8, mixed mode, tiered, compressed oops, g1 gc, windows-amd64)
Heap:
 garbage-first heap   total 262144K, used 134328K [0x00000000e0000000, 0x0000000100000000)
  region size 1024K, 99 young (101376K), 7 survivors (7168K)
 Metaspace       used 58092K, capacity 59761K, committed 59952K, reserved 307200K
  class space    used 7440K, capacity 8052K, committed 8064K, reserved 253952K
GC Heap History (18 events):
Event: 2.442 GC heap before
{Heap before GC invocations=0 (full 0):
 garbage-first heap   total 262144K, used 16384K [0x00000000e0000000, 0x0000000100000000)
  region size 1024K, 14 young (14336K), 0 survivors (0K)
 Metaspace       used 6793K, capacity 6997K, committed 7168K, reserved 262144K
  class space    used 573K, capacity 650K, committed 768K, reserved 253952K
}
Event: 2.455 GC heap after
{Heap after GC invocations=1 (full 0):
 garbage-first heap   total 262144K, used 3831K [0x00000000e0000000, 0x0000000100000000)
  region size 1024K, 2 young (2048K), 2 survivors (2048K)
 Metaspace       used 6793K, capacity 6997K, committed 7168K, reserved 262144K
  class space    used 573K, capacity 650K, committed 768K, reserved 253952K
}
Event: 3.307 GC heap before
{Heap before GC invocations=1 (full 0):
 garbage-first heap   total 262144K, used 17143K [0x00000000e0000000, 0x0000000100000000)
  region size 1024K, 13 young (13312K), 2 survivors (2048K)
 Metaspace       used 10170K, capacity 10460K, committed 10624K, reserved 264192K
  class space    used 1034K, capacity 1105K, committed 1152K, reserved 253952K
}
Event: 3.312 GC heap after
{Heap after GC invocations=2 (full 0):
 garbage-first heap   total 262144K, used 9415K [0x00000000e0000000, 0x0000000100000000)
  region size 1024K, 2 young (2048K), 2 survivors (2048K)
 Metaspace       used 10170K, capacity 10460K, committed 10624K, reserved 264192K
  class space    used 1034K, capacity 1105K, committed 1152K, reserved 253952K
}
Event: 4.472 GC heap before
{Heap before GC invocations=2 (full 0):
 garbage-first heap   total 262144K, used 32967K [0x00000000e0000000, 0x0000000100000000)
  region size 1024K, 25 young (25600K), 2 survivors (2048K)
 Metaspace       used 11229K, capacity 11513K, committed 11776K, reserved 266240K
  class space    used 1146K, capacity 1243K, committed 1280K, reserved 253952K
}
Event: 4.478 GC heap after
{Heap after GC invocations=3 (full 0):
 garbage-first heap   total 262144K, used 10134K [0x00000000e0000000, 0x0000000100000000)
  region size 1024K, 3 young (3072K), 3 survivors (3072K)
 Metaspace       used 11229K, capacity 11513K, committed 11776K, reserved 266240K
  class space    used 1146K, capacity 1243K, committed 1280K, reserved 253952K
}
Event: 9.802 GC heap before
{Heap before GC invocations=3 (full 0):
 garbage-first heap   total 262144K, used 45974K [0x00000000e0000000, 0x0000000100000000)
  region size 1024K, 37 young (37888K), 3 survivors (3072K)
 Metaspace       used 16551K, capacity 16979K, committed 17152K, reserved 270336K
  class space    used 1866K, capacity 2003K, committed 2048K, reserved 253952K
}
Event: 9.816 GC heap after
{Heap after GC invocations=4 (full 0):
 garbage-first heap   total 262144K, used 16139K [0x00000000e0000000, 0x0000000100000000)
  region size 1024K, 5 young (5120K), 5 survivors (5120K)
 Metaspace       used 16551K, capacity 16979K, committed 17152K, reserved 270336K
  class space    used 1866K, capacity 2003K, committed 2048K, reserved 253952K
}
Event: 11.606 GC heap before
{Heap before GC invocations=4 (full 0):
 garbage-first heap   total 262144K, used 46859K [0x00000000e0000000, 0x0000000100000000)
  region size 1024K, 36 young (36864K), 5 survivors (5120K)
 Metaspace       used 20757K, capacity 21153K, committed 21296K, reserved 274432K
  class space    used 2488K, capacity 2638K, committed 2688K, reserved 253952K
}
Event: 11.619 GC heap after
{Heap after GC invocations=5 (full 0):
 garbage-first heap   total 262144K, used 17102K [0x00000000e0000000, 0x0000000100000000)
  region size 1024K, 2 young (2048K), 2 survivors (2048K)
 Metaspace       used 20757K, capacity 21153K, committed 21296K, reserved 274432K
  class space    used 2488K, capacity 2638K, committed 2688K, reserved 253952K
}
Event: 14.717 GC heap before
{Heap before GC invocations=6 (full 0):
 garbage-first heap   total 262144K, used 67278K [0x00000000e0000000, 0x0000000100000000)
  region size 1024K, 51 young (52224K), 2 survivors (2048K)
 Metaspace       used 25681K, capacity 26335K, committed 26544K, reserved 278528K
  class space    used 3296K, capacity 3500K, committed 3584K, reserved 253952K
}
Event: 14.726 GC heap after
{Heap after GC invocations=7 (full 0):
 garbage-first heap   total 262144K, used 19052K [0x00000000e0000000, 0x0000000100000000)
  region size 1024K, 4 young (4096K), 4 survivors (4096K)
 Metaspace       used 25681K, capacity 26335K, committed 26544K, reserved 278528K
  class space    used 3296K, capacity 3500K, committed 3584K, reserved 253952K
}
Event: 19.053 GC heap before
{Heap before GC invocations=7 (full 0):
 garbage-first heap   total 262144K, used 99948K [0x00000000e0000000, 0x0000000100000000)
  region size 1024K, 85 young (87040K), 4 survivors (4096K)
 Metaspace       used 34863K, capacity 35847K, committed 35888K, reserved 286720K
  class space    used 4599K, capacity 4953K, committed 4992K, reserved 253952K
}
Event: 19.082 GC heap after
{Heap after GC invocations=8 (full 0):
 garbage-first heap   total 262144K, used 23038K [0x00000000e0000000, 0x0000000100000000)
  region size 1024K, 8 young (8192K), 8 survivors (8192K)
 Metaspace       used 34863K, capacity 35847K, committed 35888K, reserved 286720K
  class space    used 4599K, capacity 4953K, committed 4992K, reserved 253952K
}
Event: 29.639 GC heap before
{Heap before GC invocations=9 (full 0):
 garbage-first heap   total 262144K, used 171518K [0x00000000e0000000, 0x0000000100000000)
  region size 1024K, 151 young (154624K), 8 survivors (8192K)
 Metaspace       used 48426K, capacity 49687K, committed 49840K, reserved 299008K
  class space    used 6123K, capacity 6598K, committed 6656K, reserved 253952K
}
Event: 29.837 GC heap after
{Heap after GC invocations=10 (full 0):
 garbage-first heap   total 262144K, used 34639K [0x00000000e0000000, 0x0000000100000000)
  region size 1024K, 19 young (19456K), 19 survivors (19456K)
 Metaspace       used 48426K, capacity 49687K, committed 49840K, reserved 299008K
  class space    used 6123K, capacity 6598K, committed 6656K, reserved 253952K
}
Event: 39.037 GC heap before
{Heap before GC invocations=10 (full 0):
 garbage-first heap   total 262144K, used 171855K [0x00000000e0000000, 0x0000000100000000)
  region size 1024K, 153 young (156672K), 19 survivors (19456K)
 Metaspace       used 49580K, capacity 50980K, committed 51248K, reserved 299008K
  class space    used 6223K, capacity 6742K, committed 6784K, reserved 253952K
}
Event: 39.312 GC heap after
{Heap after GC invocations=11 (full 0):
 garbage-first heap   total 262144K, used 40120K [0x00000000e0000000, 0x0000000100000000)
  region size 1024K, 7 young (7168K), 7 survivors (7168K)
 Metaspace       used 49580K, capacity 50980K, committed 51248K, reserved 299008K
  class space    used 6223K, capacity 6742K, committed 6784K, reserved 253952K
}

